<?xml version="1.0" encoding="UTF-8"?>
<testsuite xmlns:xsi="http://www.w3.org/2001/XMLSchema-instance" xsi:noNamespaceSchemaLocation="https://maven.apache.org/surefire/maven-surefire-plugin/xsd/surefire-test-report-3.0.xsd" version="3.0" name="dev.helk.KurrencyTest" time="0.002" tests="3" errors="0" skipped="0" failures="0">
  <properties>
    <property name="java.specification.version" value="17"/>
    <property name="sun.jnu.encoding" value="UTF-8"/>
    <property name="java.class.path" value="/Users/astabile/develop/Helk/koney/target/test-classes:/Users/astabile/develop/Helk/koney/target/classes:/Users/astabile/.m2/repository/org/jetbrains/kotlin/kotlin-test-junit/1.6.10/kotlin-test-junit-1.6.10.jar:/Users/astabile/.m2/repository/org/jetbrains/kotlin/kotlin-test/1.6.10/kotlin-test-1.6.10.jar:/Users/astabile/.m2/repository/junit/junit/4.12/junit-4.12.jar:/Users/astabile/.m2/repository/org/hamcrest/hamcrest-core/1.3/hamcrest-core-1.3.jar:/Users/astabile/.m2/repository/org/jetbrains/kotlin/kotlin-stdlib-jdk8/1.6.10/kotlin-stdlib-jdk8-1.6.10.jar:/Users/astabile/.m2/repository/org/jetbrains/kotlin/kotlin-stdlib/1.6.10/kotlin-stdlib-1.6.10.jar:/Users/astabile/.m2/repository/org/jetbrains/annotations/13.0/annotations-13.0.jar:/Users/astabile/.m2/repository/org/jetbrains/kotlin/kotlin-stdlib-common/1.6.10/kotlin-stdlib-common-1.6.10.jar:/Users/astabile/.m2/repository/org/jetbrains/kotlin/kotlin-stdlib-jdk7/1.6.10/kotlin-stdlib-jdk7-1.6.10.jar:/Users/astabile/.m2/repository/org/junit/jupiter/junit-jupiter-engine/5.8.2/junit-jupiter-engine-5.8.2.jar:/Users/astabile/.m2/repository/org/junit/platform/junit-platform-engine/1.8.2/junit-platform-engine-1.8.2.jar:/Users/astabile/.m2/repository/org/opentest4j/opentest4j/1.2.0/opentest4j-1.2.0.jar:/Users/astabile/.m2/repository/org/junit/platform/junit-platform-commons/1.8.2/junit-platform-commons-1.8.2.jar:/Users/astabile/.m2/repository/org/junit/jupiter/junit-jupiter-api/5.8.2/junit-jupiter-api-5.8.2.jar:/Users/astabile/.m2/repository/org/apiguardian/apiguardian-api/1.1.2/apiguardian-api-1.1.2.jar:/Users/astabile/.m2/repository/io/kotest/kotest-assertions-core-jvm/5.1.0/kotest-assertions-core-jvm-5.1.0.jar:/Users/astabile/.m2/repository/io/kotest/kotest-assertions-shared-jvm/5.1.0/kotest-assertions-shared-jvm-5.1.0.jar:/Users/astabile/.m2/repository/io/github/java-diff-utils/java-diff-utils/4.11/java-diff-utils-4.11.jar:/Users/astabile/.m2/repository/org/jetbrains/kotlinx/kotlinx-coroutines-jdk8/1.6.0/kotlinx-coroutines-jdk8-1.6.0.jar:/Users/astabile/.m2/repository/org/jetbrains/kotlin/kotlin-reflect/1.6.10/kotlin-reflect-1.6.10.jar:/Users/astabile/.m2/repository/org/jetbrains/kotlinx/kotlinx-coroutines-core-jvm/1.6.0/kotlinx-coroutines-core-jvm-1.6.0.jar:/Users/astabile/.m2/repository/io/kotest/kotest-common-jvm/5.1.0/kotest-common-jvm-5.1.0.jar:/Users/astabile/.m2/repository/io/kotest/kotest-assertions-api-jvm/5.1.0/kotest-assertions-api-jvm-5.1.0.jar:/Users/astabile/.m2/repository/org/apache/maven/plugins/maven-gpg-plugin/3.0.1/maven-gpg-plugin-3.0.1.jar:/Users/astabile/.m2/repository/org/apache/maven/maven-plugin-api/3.0/maven-plugin-api-3.0.jar:/Users/astabile/.m2/repository/org/sonatype/sisu/sisu-inject-plexus/1.4.2/sisu-inject-plexus-1.4.2.jar:/Users/astabile/.m2/repository/org/sonatype/sisu/sisu-inject-bean/1.4.2/sisu-inject-bean-1.4.2.jar:/Users/astabile/.m2/repository/org/sonatype/sisu/sisu-guice/2.1.7/sisu-guice-2.1.7-noaop.jar:/Users/astabile/.m2/repository/org/apache/maven/maven-core/3.0/maven-core-3.0.jar:/Users/astabile/.m2/repository/org/apache/maven/maven-settings-builder/3.0/maven-settings-builder-3.0.jar:/Users/astabile/.m2/repository/org/apache/maven/maven-repository-metadata/3.0/maven-repository-metadata-3.0.jar:/Users/astabile/.m2/repository/org/apache/maven/maven-aether-provider/3.0/maven-aether-provider-3.0.jar:/Users/astabile/.m2/repository/org/sonatype/aether/aether-impl/1.7/aether-impl-1.7.jar:/Users/astabile/.m2/repository/org/sonatype/aether/aether-spi/1.7/aether-spi-1.7.jar:/Users/astabile/.m2/repository/org/sonatype/aether/aether-api/1.7/aether-api-1.7.jar:/Users/astabile/.m2/repository/org/sonatype/aether/aether-util/1.7/aether-util-1.7.jar:/Users/astabile/.m2/repository/org/codehaus/plexus/plexus-interpolation/1.14/plexus-interpolation-1.14.jar:/Users/astabile/.m2/repository/org/codehaus/plexus/plexus-classworlds/2.2.3/plexus-classworlds-2.2.3.jar:/Users/astabile/.m2/repository/org/codehaus/plexus/plexus-component-annotations/1.5.5/plexus-component-annotations-1.5.5.jar:/Users/astabile/.m2/repository/org/apache/maven/maven-artifact/3.0/maven-artifact-3.0.jar:/Users/astabile/.m2/repository/org/apache/maven/maven-model/3.0/maven-model-3.0.jar:/Users/astabile/.m2/repository/org/apache/maven/maven-model-builder/3.0/maven-model-builder-3.0.jar:/Users/astabile/.m2/repository/org/apache/maven/maven-settings/3.0/maven-settings-3.0.jar:/Users/astabile/.m2/repository/org/apache/maven/shared/maven-artifact-transfer/0.12.0/maven-artifact-transfer-0.12.0.jar:/Users/astabile/.m2/repository/org/apache/maven/shared/maven-common-artifact-filters/3.0.1/maven-common-artifact-filters-3.0.1.jar:/Users/astabile/.m2/repository/org/apache/maven/shared/maven-shared-utils/3.1.0/maven-shared-utils-3.1.0.jar:/Users/astabile/.m2/repository/commons-io/commons-io/2.5/commons-io-2.5.jar:/Users/astabile/.m2/repository/commons-codec/commons-codec/1.11/commons-codec-1.11.jar:/Users/astabile/.m2/repository/org/slf4j/slf4j-api/1.7.5/slf4j-api-1.7.5.jar:/Users/astabile/.m2/repository/org/codehaus/plexus/plexus-utils/3.3.0/plexus-utils-3.3.0.jar:/Users/astabile/.m2/repository/org/sonatype/plexus/plexus-sec-dispatcher/1.4/plexus-sec-dispatcher-1.4.jar:/Users/astabile/.m2/repository/org/sonatype/plexus/plexus-cipher/1.4/plexus-cipher-1.4.jar:/Users/astabile/.m2/repository/com/fasterxml/jackson/core/jackson-databind/2.13.2/jackson-databind-2.13.2.jar:/Users/astabile/.m2/repository/com/fasterxml/jackson/core/jackson-annotations/2.13.2/jackson-annotations-2.13.2.jar:/Users/astabile/.m2/repository/com/fasterxml/jackson/core/jackson-core/2.13.2/jackson-core-2.13.2.jar:/Users/astabile/.m2/repository/org/junit/jupiter/junit-jupiter/5.8.2/junit-jupiter-5.8.2.jar:/Users/astabile/.m2/repository/org/junit/jupiter/junit-jupiter-params/5.8.2/junit-jupiter-params-5.8.2.jar:"/>
    <property name="java.vm.vendor" value="Azul Systems, Inc."/>
    <property name="sun.arch.data.model" value="64"/>
    <property name="java.vendor.url" value="http://www.azul.com/"/>
    <property name="os.name" value="Mac OS X"/>
    <property name="java.vm.specification.version" value="17"/>
    <property name="sun.java.launcher" value="SUN_STANDARD"/>
    <property name="user.country" value="CH"/>
    <property name="sun.boot.library.path" value="/Users/astabile/Library/Java/JavaVirtualMachines/azul-17.0.2/Contents/Home/lib"/>
    <property name="sun.java.command" value="/Users/astabile/develop/Helk/koney/target/surefire/surefirebooter15893355765341821284.jar /Users/astabile/develop/Helk/koney/target/surefire 2022-03-18T09-46-55_545-jvmRun1 surefire16888375583567581330tmp surefire_015122678336159734287tmp"/>
    <property name="http.nonProxyHosts" value="local|*.local|169.254/16|*.169.254/16"/>
    <property name="jdk.debug" value="release"/>
    <property name="surefire.test.class.path" value="/Users/astabile/develop/Helk/koney/target/test-classes:/Users/astabile/develop/Helk/koney/target/classes:/Users/astabile/.m2/repository/org/jetbrains/kotlin/kotlin-test-junit/1.6.10/kotlin-test-junit-1.6.10.jar:/Users/astabile/.m2/repository/org/jetbrains/kotlin/kotlin-test/1.6.10/kotlin-test-1.6.10.jar:/Users/astabile/.m2/repository/junit/junit/4.12/junit-4.12.jar:/Users/astabile/.m2/repository/org/hamcrest/hamcrest-core/1.3/hamcrest-core-1.3.jar:/Users/astabile/.m2/repository/org/jetbrains/kotlin/kotlin-stdlib-jdk8/1.6.10/kotlin-stdlib-jdk8-1.6.10.jar:/Users/astabile/.m2/repository/org/jetbrains/kotlin/kotlin-stdlib/1.6.10/kotlin-stdlib-1.6.10.jar:/Users/astabile/.m2/repository/org/jetbrains/annotations/13.0/annotations-13.0.jar:/Users/astabile/.m2/repository/org/jetbrains/kotlin/kotlin-stdlib-common/1.6.10/kotlin-stdlib-common-1.6.10.jar:/Users/astabile/.m2/repository/org/jetbrains/kotlin/kotlin-stdlib-jdk7/1.6.10/kotlin-stdlib-jdk7-1.6.10.jar:/Users/astabile/.m2/repository/org/junit/jupiter/junit-jupiter-engine/5.8.2/junit-jupiter-engine-5.8.2.jar:/Users/astabile/.m2/repository/org/junit/platform/junit-platform-engine/1.8.2/junit-platform-engine-1.8.2.jar:/Users/astabile/.m2/repository/org/opentest4j/opentest4j/1.2.0/opentest4j-1.2.0.jar:/Users/astabile/.m2/repository/org/junit/platform/junit-platform-commons/1.8.2/junit-platform-commons-1.8.2.jar:/Users/astabile/.m2/repository/org/junit/jupiter/junit-jupiter-api/5.8.2/junit-jupiter-api-5.8.2.jar:/Users/astabile/.m2/repository/org/apiguardian/apiguardian-api/1.1.2/apiguardian-api-1.1.2.jar:/Users/astabile/.m2/repository/io/kotest/kotest-assertions-core-jvm/5.1.0/kotest-assertions-core-jvm-5.1.0.jar:/Users/astabile/.m2/repository/io/kotest/kotest-assertions-shared-jvm/5.1.0/kotest-assertions-shared-jvm-5.1.0.jar:/Users/astabile/.m2/repository/io/github/java-diff-utils/java-diff-utils/4.11/java-diff-utils-4.11.jar:/Users/astabile/.m2/repository/org/jetbrains/kotlinx/kotlinx-coroutines-jdk8/1.6.0/kotlinx-coroutines-jdk8-1.6.0.jar:/Users/astabile/.m2/repository/org/jetbrains/kotlin/kotlin-reflect/1.6.10/kotlin-reflect-1.6.10.jar:/Users/astabile/.m2/repository/org/jetbrains/kotlinx/kotlinx-coroutines-core-jvm/1.6.0/kotlinx-coroutines-core-jvm-1.6.0.jar:/Users/astabile/.m2/repository/io/kotest/kotest-common-jvm/5.1.0/kotest-common-jvm-5.1.0.jar:/Users/astabile/.m2/repository/io/kotest/kotest-assertions-api-jvm/5.1.0/kotest-assertions-api-jvm-5.1.0.jar:/Users/astabile/.m2/repository/org/apache/maven/plugins/maven-gpg-plugin/3.0.1/maven-gpg-plugin-3.0.1.jar:/Users/astabile/.m2/repository/org/apache/maven/maven-plugin-api/3.0/maven-plugin-api-3.0.jar:/Users/astabile/.m2/repository/org/sonatype/sisu/sisu-inject-plexus/1.4.2/sisu-inject-plexus-1.4.2.jar:/Users/astabile/.m2/repository/org/sonatype/sisu/sisu-inject-bean/1.4.2/sisu-inject-bean-1.4.2.jar:/Users/astabile/.m2/repository/org/sonatype/sisu/sisu-guice/2.1.7/sisu-guice-2.1.7-noaop.jar:/Users/astabile/.m2/repository/org/apache/maven/maven-core/3.0/maven-core-3.0.jar:/Users/astabile/.m2/repository/org/apache/maven/maven-settings-builder/3.0/maven-settings-builder-3.0.jar:/Users/astabile/.m2/repository/org/apache/maven/maven-repository-metadata/3.0/maven-repository-metadata-3.0.jar:/Users/astabile/.m2/repository/org/apache/maven/maven-aether-provider/3.0/maven-aether-provider-3.0.jar:/Users/astabile/.m2/repository/org/sonatype/aether/aether-impl/1.7/aether-impl-1.7.jar:/Users/astabile/.m2/repository/org/sonatype/aether/aether-spi/1.7/aether-spi-1.7.jar:/Users/astabile/.m2/repository/org/sonatype/aether/aether-api/1.7/aether-api-1.7.jar:/Users/astabile/.m2/repository/org/sonatype/aether/aether-util/1.7/aether-util-1.7.jar:/Users/astabile/.m2/repository/org/codehaus/plexus/plexus-interpolation/1.14/plexus-interpolation-1.14.jar:/Users/astabile/.m2/repository/org/codehaus/plexus/plexus-classworlds/2.2.3/plexus-classworlds-2.2.3.jar:/Users/astabile/.m2/repository/org/codehaus/plexus/plexus-component-annotations/1.5.5/plexus-component-annotations-1.5.5.jar:/Users/astabile/.m2/repository/org/apache/maven/maven-artifact/3.0/maven-artifact-3.0.jar:/Users/astabile/.m2/repository/org/apache/maven/maven-model/3.0/maven-model-3.0.jar:/Users/astabile/.m2/repository/org/apache/maven/maven-model-builder/3.0/maven-model-builder-3.0.jar:/Users/astabile/.m2/repository/org/apache/maven/maven-settings/3.0/maven-settings-3.0.jar:/Users/astabile/.m2/repository/org/apache/maven/shared/maven-artifact-transfer/0.12.0/maven-artifact-transfer-0.12.0.jar:/Users/astabile/.m2/repository/org/apache/maven/shared/maven-common-artifact-filters/3.0.1/maven-common-artifact-filters-3.0.1.jar:/Users/astabile/.m2/repository/org/apache/maven/shared/maven-shared-utils/3.1.0/maven-shared-utils-3.1.0.jar:/Users/astabile/.m2/repository/commons-io/commons-io/2.5/commons-io-2.5.jar:/Users/astabile/.m2/repository/commons-codec/commons-codec/1.11/commons-codec-1.11.jar:/Users/astabile/.m2/repository/org/slf4j/slf4j-api/1.7.5/slf4j-api-1.7.5.jar:/Users/astabile/.m2/repository/org/codehaus/plexus/plexus-utils/3.3.0/plexus-utils-3.3.0.jar:/Users/astabile/.m2/repository/org/sonatype/plexus/plexus-sec-dispatcher/1.4/plexus-sec-dispatcher-1.4.jar:/Users/astabile/.m2/repository/org/sonatype/plexus/plexus-cipher/1.4/plexus-cipher-1.4.jar:/Users/astabile/.m2/repository/com/fasterxml/jackson/core/jackson-databind/2.13.2/jackson-databind-2.13.2.jar:/Users/astabile/.m2/repository/com/fasterxml/jackson/core/jackson-annotations/2.13.2/jackson-annotations-2.13.2.jar:/Users/astabile/.m2/repository/com/fasterxml/jackson/core/jackson-core/2.13.2/jackson-core-2.13.2.jar:/Users/astabile/.m2/repository/org/junit/jupiter/junit-jupiter/5.8.2/junit-jupiter-5.8.2.jar:/Users/astabile/.m2/repository/org/junit/jupiter/junit-jupiter-params/5.8.2/junit-jupiter-params-5.8.2.jar:"/>
    <property name="sun.cpu.endian" value="little"/>
    <property name="user.home" value="/Users/astabile"/>
    <property name="user.language" value="en"/>
    <property name="java.specification.vendor" value="Oracle Corporation"/>
    <property name="java.version.date" value="2022-01-18"/>
    <property name="java.home" value="/Users/astabile/Library/Java/JavaVirtualMachines/azul-17.0.2/Contents/Home"/>
    <property name="file.separator" value="/"/>
    <property name="basedir" value="/Users/astabile/develop/Helk/koney"/>
    <property name="java.vm.compressedOopsMode" value="Zero based"/>
    <property name="line.separator" value="&#10;"/>
    <property name="java.vm.specification.vendor" value="Oracle Corporation"/>
    <property name="java.specification.name" value="Java Platform API Specification"/>
    <property name="surefire.real.class.path" value="/Users/astabile/develop/Helk/koney/target/surefire/surefirebooter15893355765341821284.jar"/>
    <property name="sun.management.compiler" value="HotSpot 64-Bit Tiered Compilers"/>
    <property name="ftp.nonProxyHosts" value="local|*.local|169.254/16|*.169.254/16"/>
    <property name="java.runtime.version" value="17.0.2+8-LTS"/>
    <property name="user.name" value="astabile"/>
    <property name="path.separator" value=":"/>
    <property name="os.version" value="12.3"/>
    <property name="java.runtime.name" value="OpenJDK Runtime Environment"/>
    <property name="file.encoding" value="US-ASCII"/>
    <property name="java.vm.name" value="OpenJDK 64-Bit Server VM"/>
    <property name="java.vendor.version" value="Zulu17.32+13-CA"/>
    <property name="localRepository" value="/Users/astabile/.m2/repository"/>
    <property name="java.vendor.url.bug" value="http://www.azul.com/support/"/>
    <property name="java.io.tmpdir" value="/var/folders/gs/msy3q6jj6pdcs9y3y4b988b1z6l7rf/T/"/>
    <property name="idea.version" value="2021.3.2"/>
    <property name="java.version" value="17.0.2"/>
    <property name="user.dir" value="/Users/astabile/develop/Helk/koney"/>
    <property name="os.arch" value="aarch64"/>
    <property name="java.vm.specification.name" value="Java Virtual Machine Specification"/>
    <property name="native.encoding" value="US-ASCII"/>
    <property name="java.library.path" value="/Users/astabile/Library/Java/Extensions:/Library/Java/Extensions:/Network/Library/Java/Extensions:/System/Library/Java/Extensions:/usr/lib/java:."/>
    <property name="java.vm.info" value="mixed mode, sharing"/>
    <property name="java.vendor" value="Azul Systems, Inc."/>
    <property name="java.vm.version" value="17.0.2+8-LTS"/>
    <property name="sun.io.unicode.encoding" value="UnicodeBig"/>
    <property name="socksNonProxyHosts" value="local|*.local|169.254/16|*.169.254/16"/>
    <property name="java.class.version" value="61.0"/>
  </properties>
  <testcase name="currency values are right" classname="dev.helk.KurrencyTest" time="0"/>
  <testcase name="fraction digits" classname="dev.helk.KurrencyTest" time="0"/>
  <testcase name="toString returns the currency directly" classname="dev.helk.KurrencyTest" time="0.001"/>
</testsuite>